6:C 19 Nov 2020 13:50:03.704 # oO0OoO0OoO0Oo Redis is starting oO0OoO0OoO0Oo
6:C 19 Nov 2020 13:50:03.708 # Redis version=5.0.5, bits=64, commit=00000000, modified=0, pid=6, just started
6:C 19 Nov 2020 13:50:03.714 # Configuration loaded
6:M 19 Nov 2020 13:50:03.737 * No cluster configuration found, I'm 8ebfe6b7cab64c19c42508cc3f49095c83eed532
6:M 19 Nov 2020 13:50:03.753 * Running mode=cluster, port=6379.
6:M 19 Nov 2020 13:50:03.758 # Server initialized
6:M 19 Nov 2020 13:50:03.764 # WARNING you have Transparent Huge Pages (THP) support enabled in your kernel. This will create latency and memory usage issues with Redis. To fix this issue run the command 'echo never > /sys/kernel/mm/transparent_hugepage/enabled' as root, and add it to your /etc/rc.local in order to retain the setting after a reboot. Redis must be restarted after THP is disabled.
6:M 19 Nov 2020 13:50:03.768 * Ready to accept connections
6:M 19 Nov 2020 13:57:30.110 # configEpoch set to 5 via CLUSTER SET-CONFIG-EPOCH
6:C 19 Nov 2020 14:06:44.640 # oO0OoO0OoO0Oo Redis is starting oO0OoO0OoO0Oo
6:C 19 Nov 2020 14:06:44.642 # Redis version=5.0.5, bits=64, commit=00000000, modified=0, pid=6, just started
6:C 19 Nov 2020 14:06:44.644 # Configuration loaded
6:M 19 Nov 2020 14:06:44.653 * Node configuration loaded, I'm 8ebfe6b7cab64c19c42508cc3f49095c83eed532
6:M 19 Nov 2020 14:06:44.657 * Running mode=cluster, port=6379.
6:M 19 Nov 2020 14:06:44.662 # Server initialized
6:M 19 Nov 2020 14:06:44.665 # WARNING you have Transparent Huge Pages (THP) support enabled in your kernel. This will create latency and memory usage issues with Redis. To fix this issue run the command 'echo never > /sys/kernel/mm/transparent_hugepage/enabled' as root, and add it to your /etc/rc.local in order to retain the setting after a reboot. Redis must be restarted after THP is disabled.
6:M 19 Nov 2020 14:06:44.667 * Ready to accept connections
6:C 19 Nov 2020 14:12:03.783 # oO0OoO0OoO0Oo Redis is starting oO0OoO0OoO0Oo
6:C 19 Nov 2020 14:12:03.787 # Redis version=5.0.5, bits=64, commit=00000000, modified=0, pid=6, just started
6:C 19 Nov 2020 14:12:03.788 # Configuration loaded
6:M 19 Nov 2020 14:12:03.796 * Node configuration loaded, I'm 8ebfe6b7cab64c19c42508cc3f49095c83eed532
6:M 19 Nov 2020 14:12:03.801 * Running mode=cluster, port=6379.
6:M 19 Nov 2020 14:12:03.803 # Server initialized
6:M 19 Nov 2020 14:12:03.805 # WARNING you have Transparent Huge Pages (THP) support enabled in your kernel. This will create latency and memory usage issues with Redis. To fix this issue run the command 'echo never > /sys/kernel/mm/transparent_hugepage/enabled' as root, and add it to your /etc/rc.local in order to retain the setting after a reboot. Redis must be restarted after THP is disabled.
6:M 19 Nov 2020 14:12:03.808 * Ready to accept connections
