1:C 31 Aug 2020 07:46:34.303 # oO0OoO0OoO0Oo Redis is starting oO0OoO0OoO0Oo
1:C 31 Aug 2020 07:46:34.303 # Redis version=5.0.7, bits=64, commit=00000000, modified=0, pid=1, just started
1:C 31 Aug 2020 07:46:34.303 # Configuration loaded
1:M 31 Aug 2020 07:46:34.304 * No cluster configuration found, I'm 9ae108773ce5b4d05dd7559ca2933cfc2609a171
                _._                                                  
           _.-``__ ''-._                                             
      _.-``    `.  `_.  ''-._           Redis 5.0.7 (00000000/0) 64 bit
  .-`` .-```.  ```\/    _.,_ ''-._                                   
 (    '      ,       .-`  | `,    )     Running in cluster mode
 |`-._`-...-` __...-.``-._|'` _.-'|     Port: 6379
 |    `-._   `._    /     _.-'    |     PID: 1
  `-._    `-._  `-./  _.-'    _.-'                                   
 |`-._`-._    `-.__.-'    _.-'_.-'|                                  
 |    `-._`-._        _.-'_.-'    |           http://redis.io        
  `-._    `-._`-.__.-'_.-'    _.-'                                   
 |`-._`-._    `-.__.-'    _.-'_.-'|                                  
 |    `-._`-._        _.-'_.-'    |                                  
  `-._    `-._`-.__.-'_.-'    _.-'                                   
      `-._    `-.__.-'    _.-'                                       
          `-._        _.-'                                           
              `-.__.-'                                               

1:M 31 Aug 2020 07:46:34.308 # WARNING: The TCP backlog setting of 511 cannot be enforced because /proc/sys/net/core/somaxconn is set to the lower value of 128.
1:M 31 Aug 2020 07:46:34.308 # Server initialized
1:M 31 Aug 2020 07:46:34.308 # WARNING overcommit_memory is set to 0! Background save may fail under low memory condition. To fix this issue add 'vm.overcommit_memory = 1' to /etc/sysctl.conf and then reboot or run the command 'sysctl vm.overcommit_memory=1' for this to take effect.
1:M 31 Aug 2020 07:46:34.308 # WARNING you have Transparent Huge Pages (THP) support enabled in your kernel. This will create latency and memory usage issues with Redis. To fix this issue run the command 'echo never > /sys/kernel/mm/transparent_hugepage/enabled' as root, and add it to your /etc/rc.local in order to retain the setting after a reboot. Redis must be restarted after THP is disabled.
1:M 31 Aug 2020 07:46:34.308 * Ready to accept connections
1:M 31 Aug 2020 07:46:50.218 # configEpoch set to 5 via CLUSTER SET-CONFIG-EPOCH
1:signal-handler (1598860215) Received SIGTERM scheduling shutdown...
1:M 31 Aug 2020 07:50:15.511 # User requested shutdown...
1:M 31 Aug 2020 07:50:15.511 * Removing the pid file.
1:M 31 Aug 2020 07:50:15.512 # Redis is now ready to exit, bye bye...
1:C 31 Aug 2020 07:50:22.949 # oO0OoO0OoO0Oo Redis is starting oO0OoO0OoO0Oo
1:C 31 Aug 2020 07:50:22.949 # Redis version=5.0.7, bits=64, commit=00000000, modified=0, pid=1, just started
1:C 31 Aug 2020 07:50:22.949 # Configuration loaded
1:M 31 Aug 2020 07:50:22.950 * No cluster configuration found, I'm aa073a0196a1ad752800a25a1133dbe2141d8248
                _._                                                  
           _.-``__ ''-._                                             
      _.-``    `.  `_.  ''-._           Redis 5.0.7 (00000000/0) 64 bit
  .-`` .-```.  ```\/    _.,_ ''-._                                   
 (    '      ,       .-`  | `,    )     Running in cluster mode
 |`-._`-...-` __...-.``-._|'` _.-'|     Port: 6379
 |    `-._   `._    /     _.-'    |     PID: 1
  `-._    `-._  `-./  _.-'    _.-'                                   
 |`-._`-._    `-.__.-'    _.-'_.-'|                                  
 |    `-._`-._        _.-'_.-'    |           http://redis.io        
  `-._    `-._`-.__.-'_.-'    _.-'                                   
 |`-._`-._    `-.__.-'    _.-'_.-'|                                  
 |    `-._`-._        _.-'_.-'    |                                  
  `-._    `-._`-.__.-'_.-'    _.-'                                   
      `-._    `-.__.-'    _.-'                                       
          `-._        _.-'                                           
              `-.__.-'                                               

1:M 31 Aug 2020 07:50:22.953 # WARNING: The TCP backlog setting of 511 cannot be enforced because /proc/sys/net/core/somaxconn is set to the lower value of 128.
1:M 31 Aug 2020 07:50:22.953 # Server initialized
1:M 31 Aug 2020 07:50:22.953 # WARNING overcommit_memory is set to 0! Background save may fail under low memory condition. To fix this issue add 'vm.overcommit_memory = 1' to /etc/sysctl.conf and then reboot or run the command 'sysctl vm.overcommit_memory=1' for this to take effect.
1:M 31 Aug 2020 07:50:22.953 # WARNING you have Transparent Huge Pages (THP) support enabled in your kernel. This will create latency and memory usage issues with Redis. To fix this issue run the command 'echo never > /sys/kernel/mm/transparent_hugepage/enabled' as root, and add it to your /etc/rc.local in order to retain the setting after a reboot. Redis must be restarted after THP is disabled.
1:M 31 Aug 2020 07:50:22.953 * Ready to accept connections
1:M 31 Aug 2020 07:51:42.653 # configEpoch set to 5 via CLUSTER SET-CONFIG-EPOCH
1:signal-handler (1598860956) Received SIGTERM scheduling shutdown...
1:M 31 Aug 2020 08:02:36.437 # User requested shutdown...
1:M 31 Aug 2020 08:02:36.438 * Removing the pid file.
1:M 31 Aug 2020 08:02:36.438 # Redis is now ready to exit, bye bye...
1:C 31 Aug 2020 08:08:38.434 # oO0OoO0OoO0Oo Redis is starting oO0OoO0OoO0Oo
1:C 31 Aug 2020 08:08:38.434 # Redis version=5.0.7, bits=64, commit=00000000, modified=0, pid=1, just started
1:C 31 Aug 2020 08:08:38.434 # Configuration loaded
1:M 31 Aug 2020 08:08:38.435 * No cluster configuration found, I'm da3ac9a5f0f2be09cd2abb74ea05fc3cd24526eb
                _._                                                  
           _.-``__ ''-._                                             
      _.-``    `.  `_.  ''-._           Redis 5.0.7 (00000000/0) 64 bit
  .-`` .-```.  ```\/    _.,_ ''-._                                   
 (    '      ,       .-`  | `,    )     Running in cluster mode
 |`-._`-...-` __...-.``-._|'` _.-'|     Port: 6379
 |    `-._   `._    /     _.-'    |     PID: 1
  `-._    `-._  `-./  _.-'    _.-'                                   
 |`-._`-._    `-.__.-'    _.-'_.-'|                                  
 |    `-._`-._        _.-'_.-'    |           http://redis.io        
  `-._    `-._`-.__.-'_.-'    _.-'                                   
 |`-._`-._    `-.__.-'    _.-'_.-'|                                  
 |    `-._`-._        _.-'_.-'    |                                  
  `-._    `-._`-.__.-'_.-'    _.-'                                   
      `-._    `-.__.-'    _.-'                                       
          `-._        _.-'                                           
              `-.__.-'                                               

1:M 31 Aug 2020 08:08:38.436 # WARNING: The TCP backlog setting of 511 cannot be enforced because /proc/sys/net/core/somaxconn is set to the lower value of 128.
1:M 31 Aug 2020 08:08:38.436 # Server initialized
1:M 31 Aug 2020 08:08:38.436 # WARNING overcommit_memory is set to 0! Background save may fail under low memory condition. To fix this issue add 'vm.overcommit_memory = 1' to /etc/sysctl.conf and then reboot or run the command 'sysctl vm.overcommit_memory=1' for this to take effect.
1:M 31 Aug 2020 08:08:38.436 # WARNING you have Transparent Huge Pages (THP) support enabled in your kernel. This will create latency and memory usage issues with Redis. To fix this issue run the command 'echo never > /sys/kernel/mm/transparent_hugepage/enabled' as root, and add it to your /etc/rc.local in order to retain the setting after a reboot. Redis must be restarted after THP is disabled.
1:M 31 Aug 2020 08:08:38.437 * Ready to accept connections
1:M 31 Aug 2020 08:51:28.720 # configEpoch set to 5 via CLUSTER SET-CONFIG-EPOCH
1:M 31 Aug 2020 08:51:28.843 # IP address for this node updated to 175.200.7.204
1:S 31 Aug 2020 08:51:32.739 * Before turning into a replica, using my master parameters to synthesize a cached master: I may be able to synchronize with the new master with just a partial transfer.
1:S 31 Aug 2020 08:51:32.739 # Cluster state changed: ok
1:S 31 Aug 2020 08:51:33.301 * Connecting to MASTER 175.200.7.200:6379
1:S 31 Aug 2020 08:51:33.301 * MASTER <-> REPLICA sync started
1:S 31 Aug 2020 08:51:33.301 * Non blocking connect for SYNC fired the event.
1:S 31 Aug 2020 08:51:33.301 * Master replied to PING, replication can continue...
1:S 31 Aug 2020 08:51:33.302 * Trying a partial resynchronization (request 45d05e1fee893d8a796059527b5da5e8dcbd948f:1).
1:S 31 Aug 2020 08:51:33.303 * Full resync from master: db6ec90aba6e933e67852ffd5064357ecfe37814:0
1:S 31 Aug 2020 08:51:33.303 * Discarding previously cached master state.
1:S 31 Aug 2020 08:51:33.400 * MASTER <-> REPLICA sync: receiving 175 bytes from master
1:S 31 Aug 2020 08:51:33.401 * MASTER <-> REPLICA sync: Flushing old data
1:S 31 Aug 2020 08:51:33.401 * MASTER <-> REPLICA sync: Loading DB in memory
1:S 31 Aug 2020 08:51:33.401 * MASTER <-> REPLICA sync: Finished with success
1:S 17 Nov 2020 13:49:06.746 # MASTER timeout: no data nor PING received...
1:S 17 Nov 2020 13:49:06.748 # Connection with master lost.
1:S 17 Nov 2020 13:49:06.750 * Caching the disconnected master state.
1:S 17 Nov 2020 13:49:06.753 * Connecting to MASTER 172.10.10.190:6320
1:S 17 Nov 2020 13:49:06.756 * MASTER <-> REPLICA sync started
1:S 17 Nov 2020 13:49:06.758 * Non blocking connect for SYNC fired the event.
1:S 17 Nov 2020 13:49:06.760 * Master replied to PING, replication can continue...
1:S 17 Nov 2020 13:49:06.763 * Trying a partial resynchronization (request ee64da671d60157cb0329fcf2acc928295623368:858).
1:S 17 Nov 2020 13:49:06.768 * Successful partial resynchronization with master.
1:S 17 Nov 2020 13:49:06.770 * MASTER <-> REPLICA sync: Master accepted a Partial Resynchronization.
1:S 17 Nov 2020 22:28:37.209 # MASTER timeout: no data nor PING received...
1:S 17 Nov 2020 22:28:37.232 # Connection with master lost.
1:S 17 Nov 2020 22:28:37.245 * Caching the disconnected master state.
1:S 17 Nov 2020 22:28:37.259 * Connecting to MASTER 172.10.10.190:6320
1:S 17 Nov 2020 22:28:37.291 * MASTER <-> REPLICA sync started
1:S 17 Nov 2020 22:28:37.299 * Non blocking connect for SYNC fired the event.
1:S 17 Nov 2020 22:28:37.311 * Master replied to PING, replication can continue...
1:S 17 Nov 2020 22:28:37.331 * Trying a partial resynchronization (request ee64da671d60157cb0329fcf2acc928295623368:9566).
1:S 17 Nov 2020 22:28:37.343 * Successful partial resynchronization with master.
1:S 17 Nov 2020 22:28:37.347 * MASTER <-> REPLICA sync: Master accepted a Partial Resynchronization.
1:S 18 Nov 2020 00:07:29.421 # MASTER timeout: no data nor PING received...
1:S 18 Nov 2020 00:07:29.422 # Connection with master lost.
1:S 18 Nov 2020 00:07:29.425 * Caching the disconnected master state.
1:S 18 Nov 2020 00:07:29.427 * Connecting to MASTER 172.10.10.190:6320
1:S 18 Nov 2020 00:07:29.431 * MASTER <-> REPLICA sync started
1:S 18 Nov 2020 00:07:29.434 * Non blocking connect for SYNC fired the event.
1:S 18 Nov 2020 00:07:29.436 * Master replied to PING, replication can continue...
1:S 18 Nov 2020 00:07:29.438 * Trying a partial resynchronization (request ee64da671d60157cb0329fcf2acc928295623368:17084).
1:S 18 Nov 2020 00:07:29.452 * Successful partial resynchronization with master.
1:S 18 Nov 2020 00:07:29.454 * MASTER <-> REPLICA sync: Master accepted a Partial Resynchronization.
1:S 18 Nov 2020 01:30:50.414 # MASTER timeout: no data nor PING received...
1:S 18 Nov 2020 01:30:51.159 # Connection with master lost.
1:S 18 Nov 2020 01:30:51.163 * Caching the disconnected master state.
1:S 18 Nov 2020 01:30:51.176 * Connecting to MASTER 172.10.10.190:6320
1:S 18 Nov 2020 01:30:51.183 * MASTER <-> REPLICA sync started
1:S 18 Nov 2020 01:30:51.187 * Non blocking connect for SYNC fired the event.
1:S 18 Nov 2020 01:30:51.190 * Master replied to PING, replication can continue...
1:S 18 Nov 2020 01:30:51.194 * Trying a partial resynchronization (request ee64da671d60157cb0329fcf2acc928295623368:17154).
1:S 18 Nov 2020 01:30:51.200 * Successful partial resynchronization with master.
1:S 18 Nov 2020 01:30:51.203 * MASTER <-> REPLICA sync: Master accepted a Partial Resynchronization.
1:S 18 Nov 2020 11:45:55.367 # Connection with master lost.
1:S 18 Nov 2020 11:45:55.370 * Caching the disconnected master state.
1:S 18 Nov 2020 11:45:55.856 * Connecting to MASTER 172.10.10.190:6320
1:S 18 Nov 2020 11:45:55.859 * MASTER <-> REPLICA sync started
1:S 18 Nov 2020 11:45:55.861 * Non blocking connect for SYNC fired the event.
1:S 18 Nov 2020 11:45:55.862 * Master replied to PING, replication can continue...
1:S 18 Nov 2020 11:45:55.864 * Trying a partial resynchronization (request ee64da671d60157cb0329fcf2acc928295623368:62626).
1:S 18 Nov 2020 11:45:55.869 * Successful partial resynchronization with master.
1:S 18 Nov 2020 11:45:55.871 * MASTER <-> REPLICA sync: Master accepted a Partial Resynchronization.
1:S 18 Nov 2020 18:55:31.541 # Connection with master lost.
1:S 18 Nov 2020 18:55:31.543 * Caching the disconnected master state.
1:S 18 Nov 2020 18:55:31.838 * Connecting to MASTER 172.10.10.190:6320
1:S 18 Nov 2020 18:55:31.840 * MASTER <-> REPLICA sync started
1:S 18 Nov 2020 18:55:31.842 * Non blocking connect for SYNC fired the event.
1:S 18 Nov 2020 18:55:31.844 * Master replied to PING, replication can continue...
1:S 18 Nov 2020 18:55:31.846 * Trying a partial resynchronization (request ee64da671d60157cb0329fcf2acc928295623368:83332).
1:S 18 Nov 2020 18:55:31.851 * Successful partial resynchronization with master.
1:S 18 Nov 2020 18:55:31.852 * MASTER <-> REPLICA sync: Master accepted a Partial Resynchronization.
1:S 18 Nov 2020 21:13:01.778 # Connection with master lost.
1:S 18 Nov 2020 21:13:01.792 * Caching the disconnected master state.
1:S 18 Nov 2020 21:13:02.102 * Connecting to MASTER 172.10.10.190:6320
1:S 18 Nov 2020 21:13:02.108 * MASTER <-> REPLICA sync started
1:S 18 Nov 2020 21:13:02.111 * Non blocking connect for SYNC fired the event.
1:S 18 Nov 2020 21:13:02.113 * Master replied to PING, replication can continue...
1:S 18 Nov 2020 21:13:02.116 * Trying a partial resynchronization (request ee64da671d60157cb0329fcf2acc928295623368:83332).
1:S 18 Nov 2020 21:13:02.123 * Successful partial resynchronization with master.
1:S 18 Nov 2020 21:13:02.125 * MASTER <-> REPLICA sync: Master accepted a Partial Resynchronization.
1:S 18 Nov 2020 23:56:24.494 # Connection with master lost.
1:S 18 Nov 2020 23:56:24.497 * Caching the disconnected master state.
1:S 18 Nov 2020 23:56:24.888 * Connecting to MASTER 172.10.10.190:6320
1:S 18 Nov 2020 23:56:24.890 * MASTER <-> REPLICA sync started
1:S 18 Nov 2020 23:56:24.893 * Non blocking connect for SYNC fired the event.
1:S 18 Nov 2020 23:56:24.895 * Master replied to PING, replication can continue...
1:S 18 Nov 2020 23:56:24.898 * Trying a partial resynchronization (request ee64da671d60157cb0329fcf2acc928295623368:88708).
1:S 18 Nov 2020 23:56:24.910 * Successful partial resynchronization with master.
1:S 18 Nov 2020 23:56:24.913 * MASTER <-> REPLICA sync: Master accepted a Partial Resynchronization.
1:S 19 Nov 2020 01:24:28.161 # MASTER timeout: no data nor PING received...
1:S 19 Nov 2020 01:24:28.180 # Connection with master lost.
1:S 19 Nov 2020 01:24:28.187 * Caching the disconnected master state.
1:S 19 Nov 2020 01:24:28.194 * Connecting to MASTER 172.10.10.190:6320
1:S 19 Nov 2020 01:24:28.196 * MASTER <-> REPLICA sync started
1:S 19 Nov 2020 01:24:28.199 * Non blocking connect for SYNC fired the event.
1:S 19 Nov 2020 01:24:28.202 * Master replied to PING, replication can continue...
1:S 19 Nov 2020 01:24:28.205 * Trying a partial resynchronization (request ee64da671d60157cb0329fcf2acc928295623368:89814).
1:S 19 Nov 2020 01:24:28.213 * Successful partial resynchronization with master.
1:S 19 Nov 2020 01:24:28.215 * MASTER <-> REPLICA sync: Master accepted a Partial Resynchronization.
1:S 19 Nov 2020 04:44:54.588 # Connection with master lost.
1:S 19 Nov 2020 04:44:54.590 * Caching the disconnected master state.
1:S 19 Nov 2020 04:44:54.684 * Connecting to MASTER 172.10.10.190:6320
1:S 19 Nov 2020 04:44:54.687 * MASTER <-> REPLICA sync started
1:S 19 Nov 2020 04:44:54.688 * Non blocking connect for SYNC fired the event.
1:S 19 Nov 2020 04:44:54.690 * Master replied to PING, replication can continue...
1:S 19 Nov 2020 04:44:54.693 * Trying a partial resynchronization (request ee64da671d60157cb0329fcf2acc928295623368:104836).
1:S 19 Nov 2020 04:44:54.698 * Successful partial resynchronization with master.
1:S 19 Nov 2020 04:44:54.699 * MASTER <-> REPLICA sync: Master accepted a Partial Resynchronization.
1:S 19 Nov 2020 12:08:48.684 # MASTER timeout: no data nor PING received...
1:S 19 Nov 2020 12:08:48.687 # Connection with master lost.
1:S 19 Nov 2020 12:08:48.690 * Caching the disconnected master state.
1:S 19 Nov 2020 12:08:48.692 * Connecting to MASTER 172.10.10.190:6320
1:S 19 Nov 2020 12:08:48.695 * MASTER <-> REPLICA sync started
1:S 19 Nov 2020 12:08:48.697 * Non blocking connect for SYNC fired the event.
1:S 19 Nov 2020 12:08:48.700 * Master replied to PING, replication can continue...
1:S 19 Nov 2020 12:08:48.703 * Trying a partial resynchronization (request ee64da671d60157cb0329fcf2acc928295623368:134572).
1:S 19 Nov 2020 12:08:48.707 * Successful partial resynchronization with master.
1:S 19 Nov 2020 12:08:48.711 * MASTER <-> REPLICA sync: Master accepted a Partial Resynchronization.
1:S 19 Nov 2020 13:36:45.388 # Connection with master lost.
1:S 19 Nov 2020 13:36:45.391 * Caching the disconnected master state.
1:S 19 Nov 2020 13:36:45.682 * Connecting to MASTER 172.10.10.190:6320
1:S 19 Nov 2020 13:36:45.685 * MASTER <-> REPLICA sync started
1:S 19 Nov 2020 13:36:45.691 * Non blocking connect for SYNC fired the event.
1:S 19 Nov 2020 13:36:45.696 * Master replied to PING, replication can continue...
1:S 19 Nov 2020 13:36:45.698 * Trying a partial resynchronization (request ee64da671d60157cb0329fcf2acc928295623368:141768).
1:S 19 Nov 2020 13:36:45.704 * Successful partial resynchronization with master.
1:S 19 Nov 2020 13:36:45.706 * MASTER <-> REPLICA sync: Master accepted a Partial Resynchronization.
1:C 19 Nov 2020 14:33:54.844 # oO0OoO0OoO0Oo Redis is starting oO0OoO0OoO0Oo
1:C 19 Nov 2020 14:33:54.847 # Redis version=5.0.7, bits=64, commit=00000000, modified=0, pid=1, just started
1:C 19 Nov 2020 14:33:54.853 # Configuration loaded
1:M 19 Nov 2020 14:33:54.866 * No cluster configuration found, I'm b07806835b0607d273d465d8cdbac2d428066381
                _._                                                  
           _.-``__ ''-._                                             
      _.-``    `.  `_.  ''-._           Redis 5.0.7 (00000000/0) 64 bit
  .-`` .-```.  ```\/    _.,_ ''-._                                   
 (    '      ,       .-`  | `,    )     Running in cluster mode
 |`-._`-...-` __...-.``-._|'` _.-'|     Port: 6424
 |    `-._   `._    /     _.-'    |     PID: 1
  `-._    `-._  `-./  _.-'    _.-'                                   
 |`-._`-._    `-.__.-'    _.-'_.-'|                                  
 |    `-._`-._        _.-'_.-'    |           http://redis.io        
  `-._    `-._`-.__.-'_.-'    _.-'                                   
 |`-._`-._    `-.__.-'    _.-'_.-'|                                  
 |    `-._`-._        _.-'_.-'    |                                  
  `-._    `-._`-.__.-'_.-'    _.-'                                   
      `-._    `-.__.-'    _.-'                                       
          `-._        _.-'                                           
              `-.__.-'                                               

1:M 19 Nov 2020 14:33:54.881 # Server initialized
1:M 19 Nov 2020 14:33:54.883 # WARNING you have Transparent Huge Pages (THP) support enabled in your kernel. This will create latency and memory usage issues with Redis. To fix this issue run the command 'echo never > /sys/kernel/mm/transparent_hugepage/enabled' as root, and add it to your /etc/rc.local in order to retain the setting after a reboot. Redis must be restarted after THP is disabled.
1:M 19 Nov 2020 14:33:54.890 * DB loaded from disk: 0.004 seconds
1:M 19 Nov 2020 14:33:54.892 * Ready to accept connections
1:M 19 Nov 2020 14:37:17.970 # configEpoch set to 5 via CLUSTER SET-CONFIG-EPOCH
1:M 19 Nov 2020 14:37:18.100 # IP address for this node updated to 192.168.1.6
1:S 19 Nov 2020 14:37:21.999 * Before turning into a replica, using my master parameters to synthesize a cached master: I may be able to synchronize with the new master with just a partial transfer.
1:S 19 Nov 2020 14:37:22.001 # Cluster state changed: ok
1:S 19 Nov 2020 14:37:22.142 * Connecting to MASTER 192.168.1.2:6420
1:S 19 Nov 2020 14:37:22.145 * MASTER <-> REPLICA sync started
1:S 19 Nov 2020 14:37:22.147 * Non blocking connect for SYNC fired the event.
1:S 19 Nov 2020 14:37:22.155 * Master replied to PING, replication can continue...
1:S 19 Nov 2020 14:37:22.160 * Trying a partial resynchronization (request dc17c90eda28401c4c4665f010f660bf741b149f:1).
1:S 19 Nov 2020 14:37:22.171 * Full resync from master: f4358d4a3ec49486f8795541c9dcba5aef3ca7e5:0
1:S 19 Nov 2020 14:37:22.174 * Discarding previously cached master state.
1:S 19 Nov 2020 14:37:22.249 * MASTER <-> REPLICA sync: receiving 175 bytes from master
1:S 19 Nov 2020 14:37:22.253 * MASTER <-> REPLICA sync: Flushing old data
1:S 19 Nov 2020 14:37:22.260 * MASTER <-> REPLICA sync: Loading DB in memory
1:S 19 Nov 2020 14:37:22.267 * MASTER <-> REPLICA sync: Finished with success
1:signal-handler (1605796933) Received SIGTERM scheduling shutdown...
1:S 19 Nov 2020 14:42:13.622 # User requested shutdown...
1:S 19 Nov 2020 14:42:13.625 * Removing the pid file.
1:S 19 Nov 2020 14:42:13.627 # Redis is now ready to exit, bye bye...
1:C 19 Nov 2020 14:42:26.028 # oO0OoO0OoO0Oo Redis is starting oO0OoO0OoO0Oo
1:C 19 Nov 2020 14:42:26.038 # Redis version=5.0.7, bits=64, commit=00000000, modified=0, pid=1, just started
1:C 19 Nov 2020 14:42:26.042 # Configuration loaded
1:M 19 Nov 2020 14:42:26.058 * Node configuration loaded, I'm b07806835b0607d273d465d8cdbac2d428066381
                _._                                                  
           _.-``__ ''-._                                             
      _.-``    `.  `_.  ''-._           Redis 5.0.7 (00000000/0) 64 bit
  .-`` .-```.  ```\/    _.,_ ''-._                                   
 (    '      ,       .-`  | `,    )     Running in cluster mode
 |`-._`-...-` __...-.``-._|'` _.-'|     Port: 6424
 |    `-._   `._    /     _.-'    |     PID: 1
  `-._    `-._  `-./  _.-'    _.-'                                   
 |`-._`-._    `-.__.-'    _.-'_.-'|                                  
 |    `-._`-._        _.-'_.-'    |           http://redis.io        
  `-._    `-._`-.__.-'_.-'    _.-'                                   
 |`-._`-._    `-.__.-'    _.-'_.-'|                                  
 |    `-._`-._        _.-'_.-'    |                                  
  `-._    `-._`-.__.-'_.-'    _.-'                                   
      `-._    `-.__.-'    _.-'                                       
          `-._        _.-'                                           
              `-.__.-'                                               

1:M 19 Nov 2020 14:42:26.066 # Server initialized
1:M 19 Nov 2020 14:42:26.069 # WARNING you have Transparent Huge Pages (THP) support enabled in your kernel. This will create latency and memory usage issues with Redis. To fix this issue run the command 'echo never > /sys/kernel/mm/transparent_hugepage/enabled' as root, and add it to your /etc/rc.local in order to retain the setting after a reboot. Redis must be restarted after THP is disabled.
1:M 19 Nov 2020 14:42:26.074 * DB loaded from disk: 0.003 seconds
1:M 19 Nov 2020 14:42:26.076 * Before turning into a replica, using my master parameters to synthesize a cached master: I may be able to synchronize with the new master with just a partial transfer.
1:M 19 Nov 2020 14:42:26.078 * Ready to accept connections
1:S 19 Nov 2020 14:42:26.082 * Discarding previously cached master state.
1:S 19 Nov 2020 14:42:26.085 * Before turning into a replica, using my master parameters to synthesize a cached master: I may be able to synchronize with the new master with just a partial transfer.
1:S 19 Nov 2020 14:42:26.089 # Cluster state changed: ok
1:S 19 Nov 2020 14:42:27.101 * Connecting to MASTER 192.168.1.2:6420
1:S 19 Nov 2020 14:42:27.110 * MASTER <-> REPLICA sync started
1:S 19 Nov 2020 14:42:27.111 * Non blocking connect for SYNC fired the event.
1:S 19 Nov 2020 14:42:27.113 * Master replied to PING, replication can continue...
1:S 19 Nov 2020 14:42:27.115 * Trying a partial resynchronization (request f4358d4a3ec49486f8795541c9dcba5aef3ca7e5:1).
1:S 19 Nov 2020 14:42:27.125 * Full resync from master: e1e1039013e43023b8d127cdad0b2cffddb21315:0
1:S 19 Nov 2020 14:42:27.127 * Discarding previously cached master state.
1:S 19 Nov 2020 14:42:27.179 * MASTER <-> REPLICA sync: receiving 175 bytes from master
1:S 19 Nov 2020 14:42:27.193 * MASTER <-> REPLICA sync: Flushing old data
1:S 19 Nov 2020 14:42:27.199 * MASTER <-> REPLICA sync: Loading DB in memory
1:S 19 Nov 2020 14:42:27.204 * MASTER <-> REPLICA sync: Finished with success
1:signal-handler (1605797027) Received SIGTERM scheduling shutdown...
1:S 19 Nov 2020 14:43:47.906 # User requested shutdown...
1:S 19 Nov 2020 14:43:47.908 * Removing the pid file.
1:S 19 Nov 2020 14:43:47.912 # Redis is now ready to exit, bye bye...
1:C 19 Nov 2020 14:43:56.507 # oO0OoO0OoO0Oo Redis is starting oO0OoO0OoO0Oo
1:C 19 Nov 2020 14:43:56.509 # Redis version=5.0.7, bits=64, commit=00000000, modified=0, pid=1, just started
1:C 19 Nov 2020 14:43:56.515 # Configuration loaded
1:M 19 Nov 2020 14:43:56.525 * No cluster configuration found, I'm d18dfd0a31095f7158649fca6aee941a284fcfd0
                _._                                                  
           _.-``__ ''-._                                             
      _.-``    `.  `_.  ''-._           Redis 5.0.7 (00000000/0) 64 bit
  .-`` .-```.  ```\/    _.,_ ''-._                                   
 (    '      ,       .-`  | `,    )     Running in cluster mode
 |`-._`-...-` __...-.``-._|'` _.-'|     Port: 6424
 |    `-._   `._    /     _.-'    |     PID: 1
  `-._    `-._  `-./  _.-'    _.-'                                   
 |`-._`-._    `-.__.-'    _.-'_.-'|                                  
 |    `-._`-._        _.-'_.-'    |           http://redis.io        
  `-._    `-._`-.__.-'_.-'    _.-'                                   
 |`-._`-._    `-.__.-'    _.-'_.-'|                                  
 |    `-._`-._        _.-'_.-'    |                                  
  `-._    `-._`-.__.-'_.-'    _.-'                                   
      `-._    `-.__.-'    _.-'                                       
          `-._        _.-'                                           
              `-.__.-'                                               

1:M 19 Nov 2020 14:43:56.539 # Server initialized
1:M 19 Nov 2020 14:43:56.542 # WARNING you have Transparent Huge Pages (THP) support enabled in your kernel. This will create latency and memory usage issues with Redis. To fix this issue run the command 'echo never > /sys/kernel/mm/transparent_hugepage/enabled' as root, and add it to your /etc/rc.local in order to retain the setting after a reboot. Redis must be restarted after THP is disabled.
1:M 19 Nov 2020 14:43:56.548 * DB loaded from disk: 0.004 seconds
1:M 19 Nov 2020 14:43:56.550 * Ready to accept connections
1:M 19 Nov 2020 14:44:39.111 # configEpoch set to 5 via CLUSTER SET-CONFIG-EPOCH
1:M 19 Nov 2020 14:44:39.256 # IP address for this node updated to 192.168.1.6
1:S 19 Nov 2020 14:44:44.143 * Before turning into a replica, using my master parameters to synthesize a cached master: I may be able to synchronize with the new master with just a partial transfer.
1:S 19 Nov 2020 14:44:44.145 # Cluster state changed: ok
1:S 19 Nov 2020 14:44:45.006 * Connecting to MASTER 192.168.1.2:6420
1:S 19 Nov 2020 14:44:45.008 * MASTER <-> REPLICA sync started
1:S 19 Nov 2020 14:44:45.009 * Non blocking connect for SYNC fired the event.
1:S 19 Nov 2020 14:44:45.012 * Master replied to PING, replication can continue...
1:S 19 Nov 2020 14:44:45.014 * Trying a partial resynchronization (request df80c23490e82006240b333615b5f4b011142d73:1).
1:S 19 Nov 2020 14:44:45.024 * Full resync from master: 7637746634af017a0c281eadc9899291d8dbe82c:0
1:S 19 Nov 2020 14:44:45.026 * Discarding previously cached master state.
1:S 19 Nov 2020 14:44:45.112 * MASTER <-> REPLICA sync: receiving 175 bytes from master
1:S 19 Nov 2020 14:44:45.117 * MASTER <-> REPLICA sync: Flushing old data
1:S 19 Nov 2020 14:44:45.119 * MASTER <-> REPLICA sync: Loading DB in memory
1:S 19 Nov 2020 14:44:45.130 * MASTER <-> REPLICA sync: Finished with success
